warning: Git tree '/home/nick/nicksOs' is dirty
building the system configuration...
warning: Git tree '/home/nick/nicksOs' is dirty
these 15 derivations will be built:
  /nix/store/ipxlapysf3jsc9760fa198haz1jdsd6n-source.drv
  /nix/store/ppklnp25xidh7jslfx934x9bq9vpgxd1-appimage-exec.sh.drv
  /nix/store/89az4hp6g6ymi5nvh6hzwq4kh0s83mkc-soulseekqt-2018-1-30-extracted.drv
  /nix/store/7rc9anfax6zwv0r8bhy8iirlmcnd5mar-soulseekqt-2018-1-30.drv
  /nix/store/g0nnaw0ms3s58sc72fw2kpv7mdd1afl7-system-path.drv
  /nix/store/qjs0rs3cmpnlya5krb78vzmxhsvaxp6j-dbus-1.drv
  /nix/store/26v4mdl3c22rxff4grb4fwiabdckn4cy-X-Restart-Triggers-dbus.drv
  /nix/store/jb0s8hiy66hxd2vffavpnmmhsjkbn1fy-unit-dbus.service.drv
  /nix/store/350l63bk8q8lcz2hzvvr493g894kjvj3-user-units.drv
  /nix/store/766zi83pcy3iybjrrvzgjk8wj7cabcai-unit-dbus.service.drv
  /nix/store/ilr0wbc8qr8hbgbrasszmpjkr922z2ch-X-Restart-Triggers-polkit.drv
  /nix/store/zrggpd4lvimzaqg8xi3a6bkj427cy6cn-unit-polkit.service.drv
  /nix/store/6551a4rz2n1vbz5xnpm105mzl6rngzjz-system-units.drv
  /nix/store/ikzp1d3mm26mss983ajlwz75qym82yqx-etc.drv
  /nix/store/lq14k96pz528gfg7wyrx08mrfmwpi62n-nixos-system-Wu-25.05.20250406.063dece.drv
these 124 paths will be fetched (22.45 MiB download, 156.51 MiB unpacked):
  /nix/store/3d8rcrzwn5c1lp28r5jrwmfj3z7jq5az-at-spi2-core-2.54.1-dev
  /nix/store/214vrsiv784x6marqh27ips2r4p6pq34-auto-patchelf-0-unstable-2024-08-14
  /nix/store/yip39c32hz27ix425p14q6pw7w8i598g-auto-patchelf-hook
  /nix/store/lyxzc2wkdq36kphdak0v12lg1pmmy1m8-brotli-1.1.0
  /nix/store/3yscaaha27gnrvch82lck0a11wjr1z3y-brotli-1.1.0-dev
  /nix/store/la7r5fbm42lphf71znlk900mj25x57m6-bzip2-1.0.8-dev
  /nix/store/4n5yjras972fb8d6zbcr3h40824x4296-c-ares-1.34.4
  /nix/store/kb0z5xw7fg5aic8zcmz1vvwwj7kzzdbf-cairo-1.18.2-dev
  /nix/store/gjagr8kcnl3rhc71wdbrk9bk5g7w0m5q-cups-2.4.11-dev
  /nix/store/4z22knghgj1fapxzfznh102cykpc2i22-curl-8.12.1
  /nix/store/61xn019zyyiccr40jnkr5jzx4b8ymkpx-curl-8.12.1-bin
  /nix/store/cn83nc0n8gkl0bi3spykczd3j44qkbq2-curl-8.12.1-dev
  /nix/store/pclfkq8l6i735dv66mip358dq05wj22k-curl-8.12.1-dev
  /nix/store/b8kck9x64fkggcxi04x7zzx7frb45lq8-curl-8.12.1-man
  /nix/store/jxz4yf21qp21zcnlygk23ylimw8wjil2-djvulibre-3.5.28-bin
  /nix/store/ii5152qwshl81wyjj1jvvkaxpvi9dnd7-djvulibre-3.5.28-dev
  /nix/store/gsikygh8gb5w28bbqk44cmbdhgy8swis-fftw-double-3.3.10-dev
  /nix/store/kq9fd4azv4pvd4rafmxqbr2q9r490yga-file-5.46-dev
  /nix/store/nziailpyy0d90vq5pi1kckbxzvjcg5ng-fontconfig-2.16.0-dev
  /nix/store/2dgzl64w68mglcn6mi82rnvk37df33qz-freetype-2.13.3-dev
  /nix/store/4gxxfv4p49fidqphzp2xbjdf0w4rr3sm-fribidi-1.0.16-dev
  /nix/store/mn3bczq5y6bxnbhpfr8ckplqyl891vcg-gdk-pixbuf-2.42.12-dev
  /nix/store/q2kq73njmjzh97n2j72wzfygmhshglfc-glib-2.82.5-dev
  /nix/store/flk27vl808lqjdw6d1v14gcjq57lqaxl-glibc-iconv-2.40
  /nix/store/64mdyqpyzm99lx92jn2y0j1rx330cm42-glibc-locales-2.40-66
  /nix/store/5rj14f8rsv82krh3fnswrg63wq0rl2lp-gmp-with-cxx-6.3.0-dev
  /nix/store/dndbdhdcfay4z1zh49q3nzrhgj27van2-graphite2-1.3.14-dev
  /nix/store/vkspzxljiz55ghpycp0ybzlkwiij686y-gst-plugins-base-1.24.10-dev
  /nix/store/sxj1g52bbn4r7kn74cc9mxfbmyc5jmxb-gstreamer-1.24.10-bin
  /nix/store/xmn4jy0pzdpkka31mchp3cn4jdnnb460-gstreamer-1.24.10-dev
  /nix/store/rn8wicsd7hfsmymx65bmgaqrmaknlyll-gtk+3-3.24.48-dev
  /nix/store/r5iajf7yh32jw3c0hmnw0iwyx5lxhky0-harfbuzz-10.2.0-dev
  /nix/store/3xiw2ng0hg6ck7mzir3wpa1vh6vhsisb-icu4c-76.1-dev
  /nix/store/lm8jbkir444krhfs73caaj72pnsh5mm6-imagemagick-7.1.1-47-dev
  /nix/store/473bbj2wc3964gnm1h7z9rw8n93mkzi1-krb5-1.21.3
  /nix/store/5whbjs10qadqlzp1ip8s8dpb093kb2p4-krb5-1.21.3-dev
  /nix/store/ln126rywgryyg81xi16935bh88zj7fhv-krb5-1.21.3-dev
  /nix/store/2v3vfmg5dn2xfsnjn3gnznid99qvspwc-krb5-1.21.3-lib
  /nix/store/pvnk0s7vr51wdjcffdcfh30hx2scdy25-lcms2-2.17-bin
  /nix/store/978kk08i6cq04w2xgn9y4l79c42hi2lx-lcms2-2.17-dev
  /nix/store/x7vfq0ldi4zdpngs505bc7nz7xn5whhl-libICE-1.1.2-dev
  /nix/store/k1hyplvj7ywjgpqfh9bw4viv061mx45l-libSM-1.2.5-dev
  /nix/store/4lk7dvwsii9dcp11bxqbigj6549avnqy-libX11-1.8.12-dev
  /nix/store/gg1rd4m2bfw1bw609rjqzkg85pwx4hbi-libXau-1.0.12-dev
  /nix/store/nmlirm4wcah5yhwwi6nvdfm63qfphidf-libXcomposite-0.4.6-dev
  /nix/store/95aw0yklg4sqnggydwqsa358qc617ccx-libXcursor-1.2.3-dev
  /nix/store/qj5xh7azq2qj4kcs7n96m8pi7z7b3jbw-libXdamage-1.1.6-dev
  /nix/store/kcrf1d714ly9s7bppjrnj7smngy900ls-libXext-1.3.6-dev
  /nix/store/ml4j4qkp55qn9qf7r6x1h3pw18b4dczk-libXfixes-6.0.1-dev
  /nix/store/611bplx5gqw9kjb7ppdpar3la9kmk9s3-libXft-2.3.8-dev
  /nix/store/kfx8fmqka793wqc19h5wkyxffb0s3jdn-libXi-1.8.2-dev
  /nix/store/s6kn354pxysnv2c9cxasqxbxl10xy7y9-libXinerama-1.1.5-dev
  /nix/store/1xs2hlqxg7yk059xl2aqkji4s4psq894-libXrandr-1.5.4-dev
  /nix/store/cz5gva0jndn2273p2b23ad3n34rwgfha-libXrender-0.9.12-dev
  /nix/store/vz4pqjb6g51bfzhp6wl0ln2136v1g5ni-libXt-1.3.1-dev
  /nix/store/s6j2mxf5hcrj8hx50g38m5ccnf0ara55-libarchive-3.7.7
  /nix/store/6zvnmsqqc31zr93imf80yb39s9w5x3br-libev-4.33
  /nix/store/7vf76fscw4v7h90pb8ai2mrs0bgk5qli-libffi-3.4.6-dev
  /nix/store/a10hhrimwsgxmz3g5ijsww4hvbjgdx87-libheif-1.18.2-bin
  /nix/store/b6vyk84rqdlwsmysf5949ydwkf8ihzw5-libheif-1.18.2-dev
  /nix/store/pa6sz3vbrmv646bbi341v94vlhi7kx0y-libhwy-1.0.7
  /nix/store/07rgldq5cy0w1w1gvmznxmhwqwrp5jkm-libidn2-2.3.7-bin
  /nix/store/ipbsnzl79hgl1z4dw4drbid32mryf6i4-libidn2-2.3.7-dev
  /nix/store/d8z67z9by0ny2rxy8np38irn9xvym2ma-libjpeg-turbo-3.0.4-dev
  /nix/store/1ggidf8xai4nwk0gv372rh71q647vbxk-libjxl-0.11.1-dev
  /nix/store/xwqh8vpjkvy72jhiac1izflj744xf8hx-liblqr-1-0.4.2-dev
  /nix/store/0z4cz1mfpwbs7k1zikfimaq80hcpn103-libpng-apng-1.6.46-dev
  /nix/store/lvcsysa0c1kyhvnx1nj5jfml79l04vrb-libpsl-0.21.5-dev
  /nix/store/kdsl0lijb4gb4vfv32m3f1ibha2nhinx-libraw-0.21.3
  /nix/store/rnh7220q0rmcpin8a3836gq0drr598p7-libraw-0.21.3-dev
  /nix/store/9f46yl4slh6wzmlcig6f7pmnrjnmzd12-librsvg-2.59.2-dev
  /nix/store/67br3zczgzrc6xi1v5hpwnwigmc50576-libssh2-1.11.1
  /nix/store/5hk1my3a9r0ayjg2q6ic7qzfqn69wamg-libssh2-1.11.1-dev
  /nix/store/vh0bgrmxkcryf4g4nq11l5nm7x7w42cr-libssh2-1.11.1-dev
  /nix/store/3nk5ii8dzqs1n7x181ldvbi5h5qfjc0j-libtiff-4.7.0-bin
  /nix/store/9y5xsmzwc1mllapsy2ni5xq4vv2adqb6-libtiff-4.7.0-dev
  /nix/store/0c6hy7ih8hgx070k0jric3rabwc68nj6-libxcb-1.17.0-dev
  /nix/store/jbqw3m2knyaaa69icm2hbp1j4f4i1ysq-libxkbcommon-1.7.0-dev
  /nix/store/d9ns1by1b1c2m5fcmh9b39pggqhv3n8r-libxslt-1.1.42-dev
  /nix/store/sbb150razvyh1z5ihbicf2ax805mvr1l-mirrors-list
  /nix/store/2ciphq431s5bz8rjfq06z5j38ns1z1id-nghttp2-1.64.0
  /nix/store/d3pl5mlka7iygsyr6sbwvrkn280w9i46-nghttp2-1.64.0
  /nix/store/5g3pjb5i32q6z5lpiw7y42c6fqcjhwf7-nghttp2-1.64.0-dev
  /nix/store/gnq3iakq1a26gpp3ayfx3f6c05kwvzlx-nghttp2-1.64.0-dev
  /nix/store/flj59i205wvj1j44abhfdj9rhkp1vill-nghttp2-1.64.0-lib
  /nix/store/853f2yqjk9fzj4ky3b83fh3kg2yx6pg0-openexr-3.2.4-bin
  /nix/store/gbdzlrwrdly0k1gj7svp87k9wmir44ha-openexr-3.2.4-dev
  /nix/store/c5d2d22wq90hqb6s0ls3xm6xcfpjzhm0-openjpeg-2.5.2-dev
  /nix/store/wqishawqrdvv5dqqhyppbb0vi3f0g4xq-openssl-3.4.1
  /nix/store/566kaj47c287rypmrajjyn22snl974ri-openssl-3.4.1-bin
  /nix/store/9bkf98f3ncbi6n0qwg1zydzfrl8dwgfy-openssl-3.4.1-bin
  /nix/store/ak8zw9vzaradp09j6bc4sazvl63yz2ah-openssl-3.4.1-dev
  /nix/store/pbxkhm8pwd3lpj887q4bk9059b283mb6-openssl-3.4.1-dev
  /nix/store/g91r9lwgahm8l5n9wbxb5l7988i517zb-pango-1.56.1-dev
  /nix/store/8iinn32dfwllgwcjmkbxb2z3krcyva33-pcre2-10.44-bin
  /nix/store/c38jxm5rdyz5pz6pkgh9an1ldj6k9yms-pcre2-10.44-dev
  /nix/store/xxdql8sk6gvmbg27isi1sk59vammdbcj-pv-1.9.31
  /nix/store/bn1x712ap3g2mcg2x55jhqq6wlaj7vaw-python3-3.12.9-env
  /nix/store/lg94m18r8lvhmvjjqp3g8ljcqpmniilr-python3.12-packaging-24.2
  /nix/store/13jn8xg97bqaphrlgxk7m6nh3vi164ba-python3.12-pyelftools-0.32
  /nix/store/ihbsfncbkp72ap1y5dqj13aj112jm6va-qtbase-5.15.16-dev
  /nix/store/mgwmjsb5a2ladz10mm8c4qiik4f5mx9d-qtdeclarative-5.15.16-dev
  /nix/store/21vwlqljln57a3h4q68yyqhwpz8rrny6-qtmultimedia-5.15.16
  /nix/store/khx01pps32l0zzaqd3iwyhqqn58llyzl-qtmultimedia-5.15.16-bin
  /nix/store/ibapm2dm9a977f4s3y8495mhprvg94vl-qtmultimedia-5.15.16-dev
  /nix/store/s31gc1kxwxlk5iax7q7vy4y6a76n495f-qtquickcontrols-5.15.16-dev
  /nix/store/aivz1iicv19zy4m4vb921x7m09bp5lid-qtsvg-5.15.16-dev
  /nix/store/wvnrcc3p8x3204qf998y7sh2sl3027b2-qtwayland-5.15.16-dev
  /nix/store/7f7pwbl3wx3kxpflxc66yrqqsdiwzvwj-sqlite-3.48.0-bin
  /nix/store/n2qk0bd06qk75jwy8nlh2iadpkxvaff6-sqlite-3.48.0-dev
  /nix/store/mxp142jfmxqv6zz4l0wh1ylizf0i0zz8-squashfs-4.6.1
  /nix/store/df5h39jvnph0xmkmwgnqglkhszypl1d3-systemd-minimal-libs-257.3-dev
  /nix/store/ycli2afmijaqi9vmv6rwz4jbcrbly3x7-unzip-6.0
  /nix/store/vvhpl4fklia6pvzvk47px2az59wqv58j-wayland-1.23.1-dev
  /nix/store/6yfj6f11cxvva2yii1h5ss31h4qibcxz-wayland-protocols-1.41
  /nix/store/468r5wd01qqlxx3945n4pdi95a4y9d4i-wrap-qt5-apps-hook
  /nix/store/schpviy44z3cnn651jhnhqdlj05fpfgi-xcb-util-0.4.1-dev
  /nix/store/wsxzgsnhv8qq1i8d1880f3z3wlkhp3kl-xcb-util-image-0.4.1-dev
  /nix/store/2nnkfayzhy04wk1d6pyhw74j54a78yrk-xcb-util-keysyms-0.4.1-dev
  /nix/store/w3qcc5yvy634jjhzj5fyl5ssipw8j6a3-xcb-util-renderutil-0.3.10-dev
  /nix/store/ib6bcxi5dbjs5kldgl0dqbivxx5s60f6-xcb-util-wm-0.4.2-dev
  /nix/store/i8vqy9y74dxnxyc9636db5kxmbs0ckvf-xorgproto-2024.1
  /nix/store/7ib5nc55hr3f3j3lpyhismw4cixrka2h-xz-5.6.4-dev
  /nix/store/fl5grbix1q35xw27wcq2wfnchlczwbyf-zstd-1.5.6-dev
copying path '/nix/store/pa6sz3vbrmv646bbi341v94vlhi7kx0y-libhwy-1.0.7' from 'https://cache.nixos.org'...
copying path '/nix/store/i8vqy9y74dxnxyc9636db5kxmbs0ckvf-xorgproto-2024.1' from 'https://cache.nixos.org'...
copying path '/nix/store/lyxzc2wkdq36kphdak0v12lg1pmmy1m8-brotli-1.1.0' from 'https://cache.nixos.org'...
copying path '/nix/store/la7r5fbm42lphf71znlk900mj25x57m6-bzip2-1.0.8-dev' from 'https://cache.nixos.org'...
copying path '/nix/store/gsikygh8gb5w28bbqk44cmbdhgy8swis-fftw-double-3.3.10-dev' from 'https://cache.nixos.org'...
copying path '/nix/store/kq9fd4azv4pvd4rafmxqbr2q9r490yga-file-5.46-dev' from 'https://cache.nixos.org'...
copying path '/nix/store/64mdyqpyzm99lx92jn2y0j1rx330cm42-glibc-locales-2.40-66' from 'https://cache.nixos.org'...
copying path '/nix/store/dndbdhdcfay4z1zh49q3nzrhgj27van2-graphite2-1.3.14-dev' from 'https://cache.nixos.org'...
copying path '/nix/store/5whbjs10qadqlzp1ip8s8dpb093kb2p4-krb5-1.21.3-dev' from 'https://cache.nixos.org'...
copying path '/nix/store/x7vfq0ldi4zdpngs505bc7nz7xn5whhl-libICE-1.1.2-dev' from 'https://cache.nixos.org'...
copying path '/nix/store/7vf76fscw4v7h90pb8ai2mrs0bgk5qli-libffi-3.4.6-dev' from 'https://cache.nixos.org'...
copying path '/nix/store/d8z67z9by0ny2rxy8np38irn9xvym2ma-libjpeg-turbo-3.0.4-dev' from 'https://cache.nixos.org'...
copying path '/nix/store/0z4cz1mfpwbs7k1zikfimaq80hcpn103-libpng-apng-1.6.46-dev' from 'https://cache.nixos.org'...
copying path '/nix/store/lvcsysa0c1kyhvnx1nj5jfml79l04vrb-libpsl-0.21.5-dev' from 'https://cache.nixos.org'...
copying path '/nix/store/0c6hy7ih8hgx070k0jric3rabwc68nj6-libxcb-1.17.0-dev' from 'https://cache.nixos.org'...
copying path '/nix/store/sbb150razvyh1z5ihbicf2ax805mvr1l-mirrors-list' from 'https://cache.nixos.org'...
copying path '/nix/store/4n5yjras972fb8d6zbcr3h40824x4296-c-ares-1.34.4' from 'https://cache.nixos.org'...
copying path '/nix/store/b8kck9x64fkggcxi04x7zzx7frb45lq8-curl-8.12.1-man' from 'https://cache.nixos.org'...
copying path '/nix/store/3yscaaha27gnrvch82lck0a11wjr1z3y-brotli-1.1.0-dev' from 'https://cache.nixos.org'...
copying path '/nix/store/jxz4yf21qp21zcnlygk23ylimw8wjil2-djvulibre-3.5.28-bin' from 'https://cache.nixos.org'...
copying path '/nix/store/4gxxfv4p49fidqphzp2xbjdf0w4rr3sm-fribidi-1.0.16-dev' from 'https://cache.nixos.org'...
copying path '/nix/store/flk27vl808lqjdw6d1v14gcjq57lqaxl-glibc-iconv-2.40' from 'https://cache.nixos.org'...
copying path '/nix/store/5rj14f8rsv82krh3fnswrg63wq0rl2lp-gmp-with-cxx-6.3.0-dev' from 'https://cache.nixos.org'...
copying path '/nix/store/sxj1g52bbn4r7kn74cc9mxfbmyc5jmxb-gstreamer-1.24.10-bin' from 'https://cache.nixos.org'...
copying path '/nix/store/r5iajf7yh32jw3c0hmnw0iwyx5lxhky0-harfbuzz-10.2.0-dev' from 'https://cache.nixos.org'...
copying path '/nix/store/3xiw2ng0hg6ck7mzir3wpa1vh6vhsisb-icu4c-76.1-dev' from 'https://cache.nixos.org'...
copying path '/nix/store/pvnk0s7vr51wdjcffdcfh30hx2scdy25-lcms2-2.17-bin' from 'https://cache.nixos.org'...
copying path '/nix/store/k1hyplvj7ywjgpqfh9bw4viv061mx45l-libSM-1.2.5-dev' from 'https://cache.nixos.org'...
copying path '/nix/store/2dgzl64w68mglcn6mi82rnvk37df33qz-freetype-2.13.3-dev' from 'https://cache.nixos.org'...
copying path '/nix/store/95aw0yklg4sqnggydwqsa358qc617ccx-libXcursor-1.2.3-dev' from 'https://cache.nixos.org'...
copying path '/nix/store/ml4j4qkp55qn9qf7r6x1h3pw18b4dczk-libXfixes-6.0.1-dev' from 'https://cache.nixos.org'...
copying path '/nix/store/s6kn354pxysnv2c9cxasqxbxl10xy7y9-libXinerama-1.1.5-dev' from 'https://cache.nixos.org'...
copying path '/nix/store/gjagr8kcnl3rhc71wdbrk9bk5g7w0m5q-cups-2.4.11-dev' from 'https://cache.nixos.org'...
copying path '/nix/store/gg1rd4m2bfw1bw609rjqzkg85pwx4hbi-libXau-1.0.12-dev' from 'https://cache.nixos.org'...
copying path '/nix/store/s6j2mxf5hcrj8hx50g38m5ccnf0ara55-libarchive-3.7.7' from 'https://cache.nixos.org'...
copying path '/nix/store/6zvnmsqqc31zr93imf80yb39s9w5x3br-libev-4.33' from 'https://cache.nixos.org'...
copying path '/nix/store/4lk7dvwsii9dcp11bxqbigj6549avnqy-libX11-1.8.12-dev' from 'https://cache.nixos.org'...
copying path '/nix/store/a10hhrimwsgxmz3g5ijsww4hvbjgdx87-libheif-1.18.2-bin' from 'https://cache.nixos.org'...
copying path '/nix/store/07rgldq5cy0w1w1gvmznxmhwqwrp5jkm-libidn2-2.3.7-bin' from 'https://cache.nixos.org'...
copying path '/nix/store/978kk08i6cq04w2xgn9y4l79c42hi2lx-lcms2-2.17-dev' from 'https://cache.nixos.org'...
copying path '/nix/store/kdsl0lijb4gb4vfv32m3f1ibha2nhinx-libraw-0.21.3' from 'https://cache.nixos.org'...
copying path '/nix/store/3nk5ii8dzqs1n7x181ldvbi5h5qfjc0j-libtiff-4.7.0-bin' from 'https://cache.nixos.org'...
copying path '/nix/store/nmlirm4wcah5yhwwi6nvdfm63qfphidf-libXcomposite-0.4.6-dev' from 'https://cache.nixos.org'...
copying path '/nix/store/qj5xh7azq2qj4kcs7n96m8pi7z7b3jbw-libXdamage-1.1.6-dev' from 'https://cache.nixos.org'...
copying path '/nix/store/ii5152qwshl81wyjj1jvvkaxpvi9dnd7-djvulibre-3.5.28-dev' from 'https://cache.nixos.org'...
copying path '/nix/store/jbqw3m2knyaaa69icm2hbp1j4f4i1ysq-libxkbcommon-1.7.0-dev' from 'https://cache.nixos.org'...
copying path '/nix/store/kcrf1d714ly9s7bppjrnj7smngy900ls-libXext-1.3.6-dev' from 'https://cache.nixos.org'...
copying path '/nix/store/ipbsnzl79hgl1z4dw4drbid32mryf6i4-libidn2-2.3.7-dev' from 'https://cache.nixos.org'...
copying path '/nix/store/d9ns1by1b1c2m5fcmh9b39pggqhv3n8r-libxslt-1.1.42-dev' from 'https://cache.nixos.org'...
copying path '/nix/store/cz5gva0jndn2273p2b23ad3n34rwgfha-libXrender-0.9.12-dev' from 'https://cache.nixos.org'...
copying path '/nix/store/vz4pqjb6g51bfzhp6wl0ln2136v1g5ni-libXt-1.3.1-dev' from 'https://cache.nixos.org'...
copying path '/nix/store/b6vyk84rqdlwsmysf5949ydwkf8ihzw5-libheif-1.18.2-dev' from 'https://cache.nixos.org'...
copying path '/nix/store/d3pl5mlka7iygsyr6sbwvrkn280w9i46-nghttp2-1.64.0' from 'https://cache.nixos.org'...
copying path '/nix/store/flj59i205wvj1j44abhfdj9rhkp1vill-nghttp2-1.64.0-lib' from 'https://cache.nixos.org'...
copying path '/nix/store/1ggidf8xai4nwk0gv372rh71q647vbxk-libjxl-0.11.1-dev' from 'https://cache.nixos.org'...
copying path '/nix/store/853f2yqjk9fzj4ky3b83fh3kg2yx6pg0-openexr-3.2.4-bin' from 'https://cache.nixos.org'...
copying path '/nix/store/rnh7220q0rmcpin8a3836gq0drr598p7-libraw-0.21.3-dev' from 'https://cache.nixos.org'...
copying path '/nix/store/nziailpyy0d90vq5pi1kckbxzvjcg5ng-fontconfig-2.16.0-dev' from 'https://cache.nixos.org'...
copying path '/nix/store/c5d2d22wq90hqb6s0ls3xm6xcfpjzhm0-openjpeg-2.5.2-dev' from 'https://cache.nixos.org'...
copying path '/nix/store/2ciphq431s5bz8rjfq06z5j38ns1z1id-nghttp2-1.64.0' from 'https://cache.nixos.org'...
copying path '/nix/store/wqishawqrdvv5dqqhyppbb0vi3f0g4xq-openssl-3.4.1' from 'https://cache.nixos.org'...
copying path '/nix/store/9bkf98f3ncbi6n0qwg1zydzfrl8dwgfy-openssl-3.4.1-bin' from 'https://cache.nixos.org'...
copying path '/nix/store/1xs2hlqxg7yk059xl2aqkji4s4psq894-libXrandr-1.5.4-dev' from 'https://cache.nixos.org'...
copying path '/nix/store/8iinn32dfwllgwcjmkbxb2z3krcyva33-pcre2-10.44-bin' from 'https://cache.nixos.org'...
copying path '/nix/store/kfx8fmqka793wqc19h5wkyxffb0s3jdn-libXi-1.8.2-dev' from 'https://cache.nixos.org'...
copying path '/nix/store/xxdql8sk6gvmbg27isi1sk59vammdbcj-pv-1.9.31' from 'https://cache.nixos.org'...
copying path '/nix/store/lg94m18r8lvhmvjjqp3g8ljcqpmniilr-python3.12-packaging-24.2' from 'https://cache.nixos.org'...
copying path '/nix/store/13jn8xg97bqaphrlgxk7m6nh3vi164ba-python3.12-pyelftools-0.32' from 'https://cache.nixos.org'...
copying path '/nix/store/21vwlqljln57a3h4q68yyqhwpz8rrny6-qtmultimedia-5.15.16' from 'https://cache.nixos.org'...
copying path '/nix/store/7f7pwbl3wx3kxpflxc66yrqqsdiwzvwj-sqlite-3.48.0-bin' from 'https://cache.nixos.org'...
copying path '/nix/store/mxp142jfmxqv6zz4l0wh1ylizf0i0zz8-squashfs-4.6.1' from 'https://cache.nixos.org'...
copying path '/nix/store/611bplx5gqw9kjb7ppdpar3la9kmk9s3-libXft-2.3.8-dev' from 'https://cache.nixos.org'...
copying path '/nix/store/df5h39jvnph0xmkmwgnqglkhszypl1d3-systemd-minimal-libs-257.3-dev' from 'https://cache.nixos.org'...
copying path '/nix/store/ycli2afmijaqi9vmv6rwz4jbcrbly3x7-unzip-6.0' from 'https://cache.nixos.org'...
copying path '/nix/store/5g3pjb5i32q6z5lpiw7y42c6fqcjhwf7-nghttp2-1.64.0-dev' from 'https://cache.nixos.org'...
copying path '/nix/store/gbdzlrwrdly0k1gj7svp87k9wmir44ha-openexr-3.2.4-dev' from 'https://cache.nixos.org'...
copying path '/nix/store/vvhpl4fklia6pvzvk47px2az59wqv58j-wayland-1.23.1-dev' from 'https://cache.nixos.org'...
copying path '/nix/store/6yfj6f11cxvva2yii1h5ss31h4qibcxz-wayland-protocols-1.41' from 'https://cache.nixos.org'...
copying path '/nix/store/schpviy44z3cnn651jhnhqdlj05fpfgi-xcb-util-0.4.1-dev' from 'https://cache.nixos.org'...
copying path '/nix/store/c38jxm5rdyz5pz6pkgh9an1ldj6k9yms-pcre2-10.44-dev' from 'https://cache.nixos.org'...
copying path '/nix/store/wsxzgsnhv8qq1i8d1880f3z3wlkhp3kl-xcb-util-image-0.4.1-dev' from 'https://cache.nixos.org'...
copying path '/nix/store/ak8zw9vzaradp09j6bc4sazvl63yz2ah-openssl-3.4.1-dev' from 'https://cache.nixos.org'...
copying path '/nix/store/2nnkfayzhy04wk1d6pyhw74j54a78yrk-xcb-util-keysyms-0.4.1-dev' from 'https://cache.nixos.org'...
copying path '/nix/store/gnq3iakq1a26gpp3ayfx3f6c05kwvzlx-nghttp2-1.64.0-dev' from 'https://cache.nixos.org'...
copying path '/nix/store/w3qcc5yvy634jjhzj5fyl5ssipw8j6a3-xcb-util-renderutil-0.3.10-dev' from 'https://cache.nixos.org'...
copying path '/nix/store/ib6bcxi5dbjs5kldgl0dqbivxx5s60f6-xcb-util-wm-0.4.2-dev' from 'https://cache.nixos.org'...
copying path '/nix/store/q2kq73njmjzh97n2j72wzfygmhshglfc-glib-2.82.5-dev' from 'https://cache.nixos.org'...
building '/nix/store/ppklnp25xidh7jslfx934x9bq9vpgxd1-appimage-exec.sh.drv'...
copying path '/nix/store/7ib5nc55hr3f3j3lpyhismw4cixrka2h-xz-5.6.4-dev' from 'https://cache.nixos.org'...
copying path '/nix/store/fl5grbix1q35xw27wcq2wfnchlczwbyf-zstd-1.5.6-dev' from 'https://cache.nixos.org'...
copying path '/nix/store/2v3vfmg5dn2xfsnjn3gnznid99qvspwc-krb5-1.21.3-lib' from 'https://cache.nixos.org'...
copying path '/nix/store/67br3zczgzrc6xi1v5hpwnwigmc50576-libssh2-1.11.1' from 'https://cache.nixos.org'...
copying path '/nix/store/vh0bgrmxkcryf4g4nq11l5nm7x7w42cr-libssh2-1.11.1-dev' from 'https://cache.nixos.org'...
copying path '/nix/store/566kaj47c287rypmrajjyn22snl974ri-openssl-3.4.1-bin' from 'https://cache.nixos.org'...
copying path '/nix/store/bn1x712ap3g2mcg2x55jhqq6wlaj7vaw-python3-3.12.9-env' from 'https://cache.nixos.org'...
copying path '/nix/store/khx01pps32l0zzaqd3iwyhqqn58llyzl-qtmultimedia-5.15.16-bin' from 'https://cache.nixos.org'...
copying path '/nix/store/n2qk0bd06qk75jwy8nlh2iadpkxvaff6-sqlite-3.48.0-dev' from 'https://cache.nixos.org'...
copying path '/nix/store/3d8rcrzwn5c1lp28r5jrwmfj3z7jq5az-at-spi2-core-2.54.1-dev' from 'https://cache.nixos.org'...
copying path '/nix/store/kb0z5xw7fg5aic8zcmz1vvwwj7kzzdbf-cairo-1.18.2-dev' from 'https://cache.nixos.org'...
copying path '/nix/store/xmn4jy0pzdpkka31mchp3cn4jdnnb460-gstreamer-1.24.10-dev' from 'https://cache.nixos.org'...
copying path '/nix/store/xwqh8vpjkvy72jhiac1izflj744xf8hx-liblqr-1-0.4.2-dev' from 'https://cache.nixos.org'...
copying path '/nix/store/cn83nc0n8gkl0bi3spykczd3j44qkbq2-curl-8.12.1-dev' from 'https://cache.nixos.org'...
copying path '/nix/store/9y5xsmzwc1mllapsy2ni5xq4vv2adqb6-libtiff-4.7.0-dev' from 'https://cache.nixos.org'...
copying path '/nix/store/g91r9lwgahm8l5n9wbxb5l7988i517zb-pango-1.56.1-dev' from 'https://cache.nixos.org'...
copying path '/nix/store/214vrsiv784x6marqh27ips2r4p6pq34-auto-patchelf-0-unstable-2024-08-14' from 'https://cache.nixos.org'...
copying path '/nix/store/pbxkhm8pwd3lpj887q4bk9059b283mb6-openssl-3.4.1-dev' from 'https://cache.nixos.org'...
copying path '/nix/store/mn3bczq5y6bxnbhpfr8ckplqyl891vcg-gdk-pixbuf-2.42.12-dev' from 'https://cache.nixos.org'...
copying path '/nix/store/yip39c32hz27ix425p14q6pw7w8i598g-auto-patchelf-hook' from 'https://cache.nixos.org'...
copying path '/nix/store/4z22knghgj1fapxzfznh102cykpc2i22-curl-8.12.1' from 'https://cache.nixos.org'...
copying path '/nix/store/473bbj2wc3964gnm1h7z9rw8n93mkzi1-krb5-1.21.3' from 'https://cache.nixos.org'...
copying path '/nix/store/vkspzxljiz55ghpycp0ybzlkwiij686y-gst-plugins-base-1.24.10-dev' from 'https://cache.nixos.org'...
copying path '/nix/store/61xn019zyyiccr40jnkr5jzx4b8ymkpx-curl-8.12.1-bin' from 'https://cache.nixos.org'...
copying path '/nix/store/rn8wicsd7hfsmymx65bmgaqrmaknlyll-gtk+3-3.24.48-dev' from 'https://cache.nixos.org'...
copying path '/nix/store/9f46yl4slh6wzmlcig6f7pmnrjnmzd12-librsvg-2.59.2-dev' from 'https://cache.nixos.org'...
copying path '/nix/store/ln126rywgryyg81xi16935bh88zj7fhv-krb5-1.21.3-dev' from 'https://cache.nixos.org'...
copying path '/nix/store/5hk1my3a9r0ayjg2q6ic7qzfqn69wamg-libssh2-1.11.1-dev' from 'https://cache.nixos.org'...
copying path '/nix/store/lm8jbkir444krhfs73caaj72pnsh5mm6-imagemagick-7.1.1-47-dev' from 'https://cache.nixos.org'...
copying path '/nix/store/pclfkq8l6i735dv66mip358dq05wj22k-curl-8.12.1-dev' from 'https://cache.nixos.org'...
building '/nix/store/ipxlapysf3jsc9760fa198haz1jdsd6n-source.drv'...
copying path '/nix/store/ihbsfncbkp72ap1y5dqj13aj112jm6va-qtbase-5.15.16-dev' from 'https://cache.nixos.org'...
copying path '/nix/store/aivz1iicv19zy4m4vb921x7m09bp5lid-qtsvg-5.15.16-dev' from 'https://cache.nixos.org'...
copying path '/nix/store/mgwmjsb5a2ladz10mm8c4qiik4f5mx9d-qtdeclarative-5.15.16-dev' from 'https://cache.nixos.org'...
copying path '/nix/store/ibapm2dm9a977f4s3y8495mhprvg94vl-qtmultimedia-5.15.16-dev' from 'https://cache.nixos.org'...
copying path '/nix/store/s31gc1kxwxlk5iax7q7vy4y6a76n495f-qtquickcontrols-5.15.16-dev' from 'https://cache.nixos.org'...
copying path '/nix/store/wvnrcc3p8x3204qf998y7sh2sl3027b2-qtwayland-5.15.16-dev' from 'https://cache.nixos.org'...
copying path '/nix/store/468r5wd01qqlxx3945n4pdi95a4y9d4i-wrap-qt5-apps-hook' from 'https://cache.nixos.org'...
building '/nix/store/89az4hp6g6ymi5nvh6hzwq4kh0s83mkc-soulseekqt-2018-1-30-extracted.drv'...
building '/nix/store/7rc9anfax6zwv0r8bhy8iirlmcnd5mar-soulseekqt-2018-1-30.drv'...
building '/nix/store/g0nnaw0ms3s58sc72fw2kpv7mdd1afl7-system-path.drv'...
building '/nix/store/ilr0wbc8qr8hbgbrasszmpjkr922z2ch-X-Restart-Triggers-polkit.drv'...
building '/nix/store/qjs0rs3cmpnlya5krb78vzmxhsvaxp6j-dbus-1.drv'...
building '/nix/store/zrggpd4lvimzaqg8xi3a6bkj427cy6cn-unit-polkit.service.drv'...
building '/nix/store/26v4mdl3c22rxff4grb4fwiabdckn4cy-X-Restart-Triggers-dbus.drv'...
building '/nix/store/766zi83pcy3iybjrrvzgjk8wj7cabcai-unit-dbus.service.drv'...
building '/nix/store/jb0s8hiy66hxd2vffavpnmmhsjkbn1fy-unit-dbus.service.drv'...
building '/nix/store/6551a4rz2n1vbz5xnpm105mzl6rngzjz-system-units.drv'...
building '/nix/store/350l63bk8q8lcz2hzvvr493g894kjvj3-user-units.drv'...
building '/nix/store/ikzp1d3mm26mss983ajlwz75qym82yqx-etc.drv'...
building '/nix/store/lq14k96pz528gfg7wyrx08mrfmwpi62n-nixos-system-Wu-25.05.20250406.063dece.drv'...
activating the configuration...
setting up /etc...
reloading user units for nick...
restarting sysinit-reactivation.target
reloading the following units: dbus.service
restarting the following units: polkit.service
the following new units were started: libvirtd.service, NetworkManager-dispatcher.service
Done. The new configuration is /nix/store/04j9plc3ckhplnpl1n1633ly5x40j9b8-nixos-system-Wu-25.05.20250406.063dece
